#! /usr/bin/vvp
:ivl_version "10.3 (stable)";
:ivl_delay_selection "TYPICAL";
:vpi_time_precision - 12;
:vpi_module "system";
:vpi_module "vhdl_sys";
:vpi_module "v2005_math";
:vpi_module "va_math";
S_0x55e74338eb00 .scope module, "mux2" "mux2" 2 5;
 .timescale -9 -12;
    .port_info 0 /INPUT 1 "a"
    .port_info 1 /INPUT 1 "b"
    .port_info 2 /INPUT 1 "sel"
    .port_info 3 /OUTPUT 1 "y"
o0x7f7855aed018 .functor BUFZ 1, C4<z>; HiZ drive
v0x55e7433947c0_0 .net "a", 0 0, o0x7f7855aed018;  0 drivers
o0x7f7855aed048 .functor BUFZ 1, C4<z>; HiZ drive
v0x55e7433ab050_0 .net "b", 0 0, o0x7f7855aed048;  0 drivers
o0x7f7855aed078 .functor BUFZ 1, C4<z>; HiZ drive
v0x55e7433ab110_0 .net "sel", 0 0, o0x7f7855aed078;  0 drivers
v0x55e7433ab1b0_0 .net "y", 0 0, L_0x55e7433acea0;  1 drivers
L_0x55e7433acea0 .functor MUXZ 1, o0x7f7855aed048, o0x7f7855aed018, o0x7f7855aed078, C4<>;
S_0x55e74338ecf0 .scope module, "mux4_comport" "mux4_comport" 2 48;
 .timescale -9 -12;
    .port_info 0 /INPUT 1 "a"
    .port_info 1 /INPUT 1 "b"
    .port_info 2 /INPUT 1 "sel"
    .port_info 3 /OUTPUT 1 "y"
o0x7f7855aed198 .functor BUFZ 1, C4<z>; HiZ drive
v0x55e7433ab360_0 .net "a", 0 0, o0x7f7855aed198;  0 drivers
o0x7f7855aed1c8 .functor BUFZ 1, C4<z>; HiZ drive
v0x55e7433ab440_0 .net "b", 0 0, o0x7f7855aed1c8;  0 drivers
o0x7f7855aed1f8 .functor BUFZ 1, C4<z>; HiZ drive
v0x55e7433ab500_0 .net "sel", 0 0, o0x7f7855aed1f8;  0 drivers
v0x55e7433ab5a0_0 .var "y", 0 0;
E_0x55e74338f3d0 .event edge, v0x55e7433ab500_0, v0x55e7433ab360_0, v0x55e7433ab440_0;
S_0x55e743392fb0 .scope module, "mux_2x1_tb" "mux_2x1_tb" 3 4;
 .timescale -9 -12;
v0x55e7433ac020_0 .var "D", 1 0;
v0x55e7433ac0e0_0 .var "sel", 1 0;
v0x55e7433ac1b0_0 .net "y", 0 0, L_0x55e7433ad320;  1 drivers
S_0x55e7433ab710 .scope module, "upp" "mux3" 3 16, 2 14 0, S_0x55e743392fb0;
 .timescale -9 -12;
    .port_info 0 /INPUT 2 "D"
    .port_info 1 /INPUT 2 "sel"
    .port_info 2 /OUTPUT 1 "y"
v0x55e7433ab970_0 .net "D", 1 0, v0x55e7433ac020_0;  1 drivers
L_0x7f7855aa4018 .functor BUFT 1, C4<00>, C4<0>, C4<0>, C4<0>;
v0x55e7433aba70_0 .net/2u *"_s0", 1 0, L_0x7f7855aa4018;  1 drivers
v0x55e7433abb50_0 .net *"_s2", 0 0, L_0x55e7433ad020;  1 drivers
v0x55e7433abbf0_0 .net *"_s5", 0 0, L_0x55e7433ad190;  1 drivers
v0x55e7433abcd0_0 .net *"_s7", 0 0, L_0x55e7433ad280;  1 drivers
v0x55e7433abe00_0 .net "sel", 1 0, v0x55e7433ac0e0_0;  1 drivers
v0x55e7433abee0_0 .net "y", 0 0, L_0x55e7433ad320;  alias, 1 drivers
L_0x55e7433ad020 .cmp/ne 2, v0x55e7433ac0e0_0, L_0x7f7855aa4018;
L_0x55e7433ad190 .part v0x55e7433ac020_0, 0, 1;
L_0x55e7433ad280 .part v0x55e7433ac020_0, 1, 1;
L_0x55e7433ad320 .functor MUXZ 1, L_0x55e7433ad280, L_0x55e7433ad190, L_0x55e7433ad020, C4<>;
S_0x55e743393130 .scope module, "mux_est" "mux_est" 2 23;
 .timescale -9 -12;
    .port_info 0 /INPUT 1 "a"
    .port_info 1 /INPUT 1 "b"
    .port_info 2 /INPUT 1 "sel"
    .port_info 3 /OUTPUT 1 "y"
L_0x55e7433ad530 .functor OR 1, L_0x55e7433ad5a0, L_0x55e7433ad750, C4<0>, C4<0>;
o0x7f7855aed528 .functor BUFZ 1, C4<z>; HiZ drive
L_0x55e7433ad5a0 .functor AND 1, L_0x55e7433ad660, o0x7f7855aed528, C4<1>, C4<1>;
o0x7f7855aed588 .functor BUFZ 1, C4<z>; HiZ drive
o0x7f7855aed558 .functor BUFZ 1, C4<z>; HiZ drive
L_0x55e7433ad750 .functor AND 1, o0x7f7855aed588, o0x7f7855aed558, C4<1>, C4<1>;
v0x55e7433ac2b0_0 .net *"_s1", 0 0, L_0x55e7433ad660;  1 drivers
v0x55e7433ac350_0 .net "a", 0 0, o0x7f7855aed528;  0 drivers
v0x55e7433ac3f0_0 .net "b", 0 0, o0x7f7855aed558;  0 drivers
v0x55e7433ac4c0_0 .net "sel", 0 0, o0x7f7855aed588;  0 drivers
v0x55e7433ac580_0 .net "w1", 0 0, L_0x55e7433ad5a0;  1 drivers
v0x55e7433ac690_0 .net "w2", 0 0, L_0x55e7433ad750;  1 drivers
v0x55e7433ac750_0 .net "y", 0 0, L_0x55e7433ad530;  1 drivers
L_0x55e7433ad660 .reduce/nor o0x7f7855aed588;
S_0x55e743394580 .scope module, "mux_rtl" "mux_rtl" 2 35;
 .timescale -9 -12;
    .port_info 0 /INPUT 1 "a"
    .port_info 1 /INPUT 1 "b"
    .port_info 2 /INPUT 1 "sel"
    .port_info 3 /OUTPUT 1 "y"
o0x7f7855aed7f8 .functor BUFZ 1, C4<z>; HiZ drive
L_0x55e7433ad860 .functor NOT 1, o0x7f7855aed7f8, C4<0>, C4<0>, C4<0>;
o0x7f7855aed708 .functor BUFZ 1, C4<z>; HiZ drive
L_0x55e7433ad8d0 .functor AND 1, o0x7f7855aed708, L_0x55e7433ad860, C4<1>, C4<1>;
o0x7f7855aed798 .functor BUFZ 1, C4<z>; HiZ drive
L_0x55e7433ad9f0 .functor AND 1, o0x7f7855aed7f8, o0x7f7855aed798, C4<1>, C4<1>;
L_0x55e7433adab0 .functor OR 1, L_0x55e7433ad8d0, L_0x55e7433ad9f0, C4<0>, C4<0>;
v0x55e7433ac890_0 .net "a", 0 0, o0x7f7855aed708;  0 drivers
v0x55e7433ac970_0 .net "and1", 0 0, L_0x55e7433ad8d0;  1 drivers
v0x55e7433aca30_0 .net "and2", 0 0, L_0x55e7433ad9f0;  1 drivers
v0x55e7433acad0_0 .net "b", 0 0, o0x7f7855aed798;  0 drivers
v0x55e7433acb90_0 .net "n_sel", 0 0, L_0x55e7433ad860;  1 drivers
v0x55e7433acca0_0 .net "sel", 0 0, o0x7f7855aed7f8;  0 drivers
v0x55e7433acd60_0 .net "y", 0 0, L_0x55e7433adab0;  1 drivers
    .scope S_0x55e74338ecf0;
T_0 ;
    %wait E_0x55e74338f3d0;
    %load/vec4 v0x55e7433ab500_0;
    %cmpi/e 0, 0, 1;
    %jmp/0xz  T_0.0, 4;
    %load/vec4 v0x55e7433ab360_0;
    %store/vec4 v0x55e7433ab5a0_0, 0, 1;
    %jmp T_0.1;
T_0.0 ;
    %load/vec4 v0x55e7433ab440_0;
    %store/vec4 v0x55e7433ab5a0_0, 0, 1;
T_0.1 ;
    %jmp T_0;
    .thread T_0, $push;
    .scope S_0x55e743392fb0;
T_1 ;
    %delay 1000, 0;
    %load/vec4 v0x55e7433ac020_0;
    %parti/s 1, 0, 2;
    %nor/r;
    %ix/load 4, 0, 0;
    %flag_set/imm 4, 0;
    %store/vec4 v0x55e7433ac020_0, 4, 1;
    %jmp T_1;
    .thread T_1;
    .scope S_0x55e743392fb0;
T_2 ;
    %delay 2000, 0;
    %load/vec4 v0x55e7433ac020_0;
    %parti/s 1, 1, 2;
    %nor/r;
    %ix/load 4, 1, 0;
    %flag_set/imm 4, 0;
    %store/vec4 v0x55e7433ac020_0, 4, 1;
    %jmp T_2;
    .thread T_2;
    .scope S_0x55e743392fb0;
T_3 ;
    %delay 4000, 0;
    %load/vec4 v0x55e7433ac0e0_0;
    %nor/r;
    %pad/u 2;
    %store/vec4 v0x55e7433ac0e0_0, 0, 2;
    %jmp T_3;
    .thread T_3;
    .scope S_0x55e743392fb0;
T_4 ;
    %vpi_call 3 30 "$dumpfile", "mux_2x1_tb.vcd" {0 0 0};
    %vpi_call 3 31 "$dumpvars", 32'sb00000000000000000000000000000000, S_0x55e743392fb0 {0 0 0};
    %pushi/vec4 0, 0, 2;
    %store/vec4 v0x55e7433ac0e0_0, 0, 2;
    %pushi/vec4 0, 0, 2;
    %store/vec4 v0x55e7433ac020_0, 0, 2;
    %delay 10000, 0;
    %vpi_call 3 38 "$finish" {0 0 0};
    %end;
    .thread T_4;
# The file index is used to find the file name in the following table.
:file_names 4;
    "N/A";
    "<interactive>";
    "./mux_2x1.v";
    "mux_2x1_tb.v";
