#! /c/Source/iverilog-install/bin/vvp
:ivl_version "12.0 (devel)" "(s20150603-1539-g2693dd32b)";
:ivl_delay_selection "TYPICAL";
:vpi_time_precision - 12;
:vpi_module "C:\iverilog\lib\ivl\system.vpi";
:vpi_module "C:\iverilog\lib\ivl\vhdl_sys.vpi";
:vpi_module "C:\iverilog\lib\ivl\vhdl_textio.vpi";
:vpi_module "C:\iverilog\lib\ivl\v2005_math.vpi";
:vpi_module "C:\iverilog\lib\ivl\va_math.vpi";
S_00000251300097e0 .scope module, "demux_1x8_tb" "demux_1x8_tb" 2 4;
 .timescale -9 -12;
v000002513000daa0_0 .var "din", 0 0;
v000002513000e680_0 .var "sel", 2 0;
v000002513000e180_0 .net "y", 7 0, L_0000025130068970;  1 drivers
S_0000025130009970 .scope module, "uut" "demux_1x8" 2 9, 3 11 0, S_00000251300097e0;
 .timescale -9 -12;
    .port_info 0 /INPUT 1 "d";
    .port_info 1 /INPUT 3 "sel";
    .port_info 2 /OUTPUT 8 "y";
v000002513000d960_0 .net "d", 0 0, v000002513000daa0_0;  1 drivers
v000002513000dc80_0 .net "m", 1 0, L_000002513000e7c0;  1 drivers
v000002513000dfa0_0 .net "n", 3 0, L_000002512fffda00;  1 drivers
v000002513000e400_0 .net "sel", 2 0, v000002513000e680_0;  1 drivers
v000002513000da00_0 .net "y", 7 0, L_0000025130068970;  alias, 1 drivers
L_000002513000e360 .part v000002513000e680_0, 2, 1;
L_000002513000e7c0 .concat8 [ 1 1 0 0], L_000002512fffa5a0, L_000002512fffa680;
L_000002513000e860 .part L_000002513000e7c0, 0, 1;
L_000002513000e900 .part v000002513000e680_0, 1, 1;
L_000002513000ea40 .part L_000002513000e7c0, 0, 1;
L_000002513000ec20 .part v000002513000e680_0, 1, 1;
L_000002512fffda00 .concat8 [ 1 1 1 1], L_0000025130067f80, L_0000025130067b90, L_0000025130068370, L_0000025130067dc0;
L_000002512fffd000 .part L_000002512fffda00, 0, 1;
L_000002512fffd320 .part v000002513000e680_0, 0, 1;
L_000002512fffd460 .part L_000002512fffda00, 1, 1;
L_000002512fffdaa0 .part v000002513000e680_0, 0, 1;
L_000002512fffdbe0 .part L_000002512fffda00, 2, 1;
L_0000025130068d30 .part v000002513000e680_0, 0, 1;
L_0000025130069c30 .part L_000002512fffda00, 3, 1;
L_000002513006a1d0 .part v000002513000e680_0, 0, 1;
LS_0000025130068970_0_0 .concat8 [ 1 1 1 1], L_0000025130067ab0, L_00000251300677a0, L_0000025130067810, L_00000251300683e0;
LS_0000025130068970_0_4 .concat8 [ 1 1 1 1], L_0000025130068140, L_0000025130067ff0, L_0000025130067570, L_0000025130067730;
L_0000025130068970 .concat8 [ 4 4 0 0], LS_0000025130068970_0_0, LS_0000025130068970_0_4;
S_0000025130005900 .scope module, "d0" "demux_1x2" 3 20, 3 1 0, S_0000025130009970;
 .timescale -9 -12;
    .port_info 0 /INPUT 1 "din";
    .port_info 1 /INPUT 1 "sel";
    .port_info 2 /OUTPUT 1 "y0";
    .port_info 3 /OUTPUT 1 "y1";
L_000002512fffa530 .functor NOT 1, L_000002513000e360, C4<0>, C4<0>, C4<0>;
L_000002512fffa5a0 .functor AND 1, v000002513000daa0_0, L_000002512fffa530, C4<1>, C4<1>;
L_000002512fffa680 .functor AND 1, v000002513000daa0_0, L_000002513000e360, C4<1>, C4<1>;
v000002513000dd20_0 .net *"_ivl_0", 0 0, L_000002512fffa530;  1 drivers
v000002513000e4a0_0 .net "din", 0 0, v000002513000daa0_0;  alias, 1 drivers
v000002513000e0e0_0 .net "sel", 0 0, L_000002513000e360;  1 drivers
v000002513000e2c0_0 .net "y0", 0 0, L_000002512fffa5a0;  1 drivers
v000002513000d3c0_0 .net "y1", 0 0, L_000002512fffa680;  1 drivers
S_0000025130005a90 .scope module, "d1" "demux_1x2" 3 23, 3 1 0, S_0000025130009970;
 .timescale -9 -12;
    .port_info 0 /INPUT 1 "din";
    .port_info 1 /INPUT 1 "sel";
    .port_info 2 /OUTPUT 1 "y0";
    .port_info 3 /OUTPUT 1 "y1";
L_000002512fffa760 .functor NOT 1, L_000002513000e900, C4<0>, C4<0>, C4<0>;
L_0000025130067f80 .functor AND 1, L_000002513000e860, L_000002512fffa760, C4<1>, C4<1>;
L_0000025130067b90 .functor AND 1, L_000002513000e860, L_000002513000e900, C4<1>, C4<1>;
v000002513000d460_0 .net *"_ivl_0", 0 0, L_000002512fffa760;  1 drivers
v000002513000ed60_0 .net "din", 0 0, L_000002513000e860;  1 drivers
v000002513000eae0_0 .net "sel", 0 0, L_000002513000e900;  1 drivers
v000002513000ecc0_0 .net "y0", 0 0, L_0000025130067f80;  1 drivers
v000002513000d1e0_0 .net "y1", 0 0, L_0000025130067b90;  1 drivers
S_0000025130065cd0 .scope module, "d2" "demux_1x2" 3 24, 3 1 0, S_0000025130009970;
 .timescale -9 -12;
    .port_info 0 /INPUT 1 "din";
    .port_info 1 /INPUT 1 "sel";
    .port_info 2 /OUTPUT 1 "y0";
    .port_info 3 /OUTPUT 1 "y1";
L_0000025130068290 .functor NOT 1, L_000002513000ec20, C4<0>, C4<0>, C4<0>;
L_0000025130068370 .functor AND 1, L_000002513000ea40, L_0000025130068290, C4<1>, C4<1>;
L_0000025130067dc0 .functor AND 1, L_000002513000ea40, L_000002513000ec20, C4<1>, C4<1>;
v000002513000d640_0 .net *"_ivl_0", 0 0, L_0000025130068290;  1 drivers
v000002513000df00_0 .net "din", 0 0, L_000002513000ea40;  1 drivers
v000002513000eb80_0 .net "sel", 0 0, L_000002513000ec20;  1 drivers
v000002513000d140_0 .net "y0", 0 0, L_0000025130068370;  1 drivers
v000002513000d280_0 .net "y1", 0 0, L_0000025130067dc0;  1 drivers
S_0000025130065e60 .scope module, "d3" "demux_1x2" 3 27, 3 1 0, S_0000025130009970;
 .timescale -9 -12;
    .port_info 0 /INPUT 1 "din";
    .port_info 1 /INPUT 1 "sel";
    .port_info 2 /OUTPUT 1 "y0";
    .port_info 3 /OUTPUT 1 "y1";
L_0000025130067d50 .functor NOT 1, L_000002512fffd320, C4<0>, C4<0>, C4<0>;
L_0000025130067ab0 .functor AND 1, L_000002512fffd000, L_0000025130067d50, C4<1>, C4<1>;
L_00000251300677a0 .functor AND 1, L_000002512fffd000, L_000002512fffd320, C4<1>, C4<1>;
v000002513000d6e0_0 .net *"_ivl_0", 0 0, L_0000025130067d50;  1 drivers
v000002513000ee00_0 .net "din", 0 0, L_000002512fffd000;  1 drivers
v000002513000d0a0_0 .net "sel", 0 0, L_000002512fffd320;  1 drivers
v000002513000e540_0 .net "y0", 0 0, L_0000025130067ab0;  1 drivers
v000002513000e040_0 .net "y1", 0 0, L_00000251300677a0;  1 drivers
S_0000025130065ff0 .scope module, "d4" "demux_1x2" 3 28, 3 1 0, S_0000025130009970;
 .timescale -9 -12;
    .port_info 0 /INPUT 1 "din";
    .port_info 1 /INPUT 1 "sel";
    .port_info 2 /OUTPUT 1 "y0";
    .port_info 3 /OUTPUT 1 "y1";
L_0000025130067c00 .functor NOT 1, L_000002512fffdaa0, C4<0>, C4<0>, C4<0>;
L_0000025130067810 .functor AND 1, L_000002512fffd460, L_0000025130067c00, C4<1>, C4<1>;
L_00000251300683e0 .functor AND 1, L_000002512fffd460, L_000002512fffdaa0, C4<1>, C4<1>;
v000002513000e720_0 .net *"_ivl_0", 0 0, L_0000025130067c00;  1 drivers
v000002513000d780_0 .net "din", 0 0, L_000002512fffd460;  1 drivers
v000002513000d320_0 .net "sel", 0 0, L_000002512fffdaa0;  1 drivers
v000002513000d500_0 .net "y0", 0 0, L_0000025130067810;  1 drivers
v000002513000dbe0_0 .net "y1", 0 0, L_00000251300683e0;  1 drivers
S_0000025130066180 .scope module, "d5" "demux_1x2" 3 29, 3 1 0, S_0000025130009970;
 .timescale -9 -12;
    .port_info 0 /INPUT 1 "din";
    .port_info 1 /INPUT 1 "sel";
    .port_info 2 /OUTPUT 1 "y0";
    .port_info 3 /OUTPUT 1 "y1";
L_0000025130067500 .functor NOT 1, L_0000025130068d30, C4<0>, C4<0>, C4<0>;
L_0000025130068140 .functor AND 1, L_000002512fffdbe0, L_0000025130067500, C4<1>, C4<1>;
L_0000025130067ff0 .functor AND 1, L_000002512fffdbe0, L_0000025130068d30, C4<1>, C4<1>;
v000002513000eea0_0 .net *"_ivl_0", 0 0, L_0000025130067500;  1 drivers
v000002513000e5e0_0 .net "din", 0 0, L_000002512fffdbe0;  1 drivers
v000002513000d5a0_0 .net "sel", 0 0, L_0000025130068d30;  1 drivers
v000002513000d820_0 .net "y0", 0 0, L_0000025130068140;  1 drivers
v000002513000ddc0_0 .net "y1", 0 0, L_0000025130067ff0;  1 drivers
S_0000025130067320 .scope module, "d6" "demux_1x2" 3 30, 3 1 0, S_0000025130009970;
 .timescale -9 -12;
    .port_info 0 /INPUT 1 "din";
    .port_info 1 /INPUT 1 "sel";
    .port_info 2 /OUTPUT 1 "y0";
    .port_info 3 /OUTPUT 1 "y1";
L_0000025130067880 .functor NOT 1, L_000002513006a1d0, C4<0>, C4<0>, C4<0>;
L_0000025130067570 .functor AND 1, L_0000025130069c30, L_0000025130067880, C4<1>, C4<1>;
L_0000025130067730 .functor AND 1, L_0000025130069c30, L_000002513006a1d0, C4<1>, C4<1>;
v000002513000d000_0 .net *"_ivl_0", 0 0, L_0000025130067880;  1 drivers
v000002513000d8c0_0 .net "din", 0 0, L_0000025130069c30;  1 drivers
v000002513000de60_0 .net "sel", 0 0, L_000002513006a1d0;  1 drivers
v000002513000e9a0_0 .net "y0", 0 0, L_0000025130067570;  1 drivers
v000002513000e220_0 .net "y1", 0 0, L_0000025130067730;  1 drivers
    .scope S_00000251300097e0;
T_0 ;
    %vpi_call 2 12 "$dumpfile", "demux_1x8_tb.vcd" {0 0 0};
    %vpi_call 2 13 "$dumpvars", 32'sb00000000000000000000000000000000, S_00000251300097e0 {0 0 0};
    %pushi/vec4 1, 0, 1;
    %store/vec4 v000002513000daa0_0, 0, 1;
    %pushi/vec4 0, 0, 3;
    %store/vec4 v000002513000e680_0, 0, 3;
    %delay 5000, 0;
    %pushi/vec4 1, 0, 3;
    %store/vec4 v000002513000e680_0, 0, 3;
    %delay 5000, 0;
    %pushi/vec4 2, 0, 3;
    %store/vec4 v000002513000e680_0, 0, 3;
    %delay 5000, 0;
    %pushi/vec4 3, 0, 3;
    %store/vec4 v000002513000e680_0, 0, 3;
    %delay 5000, 0;
    %pushi/vec4 4, 0, 3;
    %store/vec4 v000002513000e680_0, 0, 3;
    %delay 5000, 0;
    %pushi/vec4 5, 0, 3;
    %store/vec4 v000002513000e680_0, 0, 3;
    %delay 5000, 0;
    %pushi/vec4 6, 0, 3;
    %store/vec4 v000002513000e680_0, 0, 3;
    %delay 5000, 0;
    %pushi/vec4 7, 0, 3;
    %store/vec4 v000002513000e680_0, 0, 3;
    %delay 5000, 0;
    %vpi_call 2 26 "$finish" {0 0 0};
    %end;
    .thread T_0;
# The file index is used to find the file name in the following table.
:file_names 4;
    "N/A";
    "<interactive>";
    "demux_1x8_tb.v";
    "./demux_1x8.v";
