#! /usr/bin/vvp
:ivl_version "10.3 (stable)";
:ivl_delay_selection "TYPICAL";
:vpi_time_precision - 12;
:vpi_module "system";
:vpi_module "vhdl_sys";
:vpi_module "v2005_math";
:vpi_module "va_math";
S_0x562c1a4c56d0 .scope module, "display_7seg_tb" "display_7seg_tb" 2 4;
 .timescale -12 -12;
v0x562c1a4d6810_0 .var/i "i", 31 0;
v0x562c1a4d68f0_0 .var "in", 3 0;
v0x562c1a4d69b0_0 .net "out", 6 0, v0x562c1a4d66d0_0;  1 drivers
S_0x562c1a4c5850 .scope module, "ss_tb" "display_7seg" 2 11, 3 1 0, S_0x562c1a4c56d0;
 .timescale -12 -12;
    .port_info 0 /INPUT 4 "in"
    .port_info 1 /OUTPUT 7 "out"
v0x562c1a48e090_0 .net "in", 3 0, v0x562c1a4d68f0_0;  1 drivers
v0x562c1a4d66d0_0 .var "out", 6 0;
E_0x562c1a4c5fc0 .event edge, v0x562c1a48e090_0;
    .scope S_0x562c1a4c5850;
T_0 ;
    %wait E_0x562c1a4c5fc0;
    %load/vec4 v0x562c1a48e090_0;
    %dup/vec4;
    %pushi/vec4 0, 0, 4;
    %cmp/u;
    %jmp/1 T_0.0, 6;
    %dup/vec4;
    %pushi/vec4 1, 0, 4;
    %cmp/u;
    %jmp/1 T_0.1, 6;
    %dup/vec4;
    %pushi/vec4 2, 0, 4;
    %cmp/u;
    %jmp/1 T_0.2, 6;
    %dup/vec4;
    %pushi/vec4 3, 0, 4;
    %cmp/u;
    %jmp/1 T_0.3, 6;
    %dup/vec4;
    %pushi/vec4 4, 0, 4;
    %cmp/u;
    %jmp/1 T_0.4, 6;
    %dup/vec4;
    %pushi/vec4 5, 0, 4;
    %cmp/u;
    %jmp/1 T_0.5, 6;
    %dup/vec4;
    %pushi/vec4 6, 0, 4;
    %cmp/u;
    %jmp/1 T_0.6, 6;
    %dup/vec4;
    %pushi/vec4 7, 0, 4;
    %cmp/u;
    %jmp/1 T_0.7, 6;
    %dup/vec4;
    %pushi/vec4 8, 0, 4;
    %cmp/u;
    %jmp/1 T_0.8, 6;
    %dup/vec4;
    %pushi/vec4 9, 0, 4;
    %cmp/u;
    %jmp/1 T_0.9, 6;
    %pushi/vec4 127, 127, 7;
    %store/vec4 v0x562c1a4d66d0_0, 0, 7;
    %jmp T_0.11;
T_0.0 ;
    %pushi/vec4 1, 0, 7;
    %store/vec4 v0x562c1a4d66d0_0, 0, 7;
    %jmp T_0.11;
T_0.1 ;
    %pushi/vec4 79, 0, 7;
    %store/vec4 v0x562c1a4d66d0_0, 0, 7;
    %jmp T_0.11;
T_0.2 ;
    %pushi/vec4 18, 0, 7;
    %store/vec4 v0x562c1a4d66d0_0, 0, 7;
    %jmp T_0.11;
T_0.3 ;
    %pushi/vec4 6, 0, 7;
    %store/vec4 v0x562c1a4d66d0_0, 0, 7;
    %jmp T_0.11;
T_0.4 ;
    %pushi/vec4 76, 0, 7;
    %store/vec4 v0x562c1a4d66d0_0, 0, 7;
    %jmp T_0.11;
T_0.5 ;
    %pushi/vec4 36, 0, 7;
    %store/vec4 v0x562c1a4d66d0_0, 0, 7;
    %jmp T_0.11;
T_0.6 ;
    %pushi/vec4 32, 0, 7;
    %store/vec4 v0x562c1a4d66d0_0, 0, 7;
    %jmp T_0.11;
T_0.7 ;
    %pushi/vec4 15, 0, 7;
    %store/vec4 v0x562c1a4d66d0_0, 0, 7;
    %jmp T_0.11;
T_0.8 ;
    %pushi/vec4 0, 0, 7;
    %store/vec4 v0x562c1a4d66d0_0, 0, 7;
    %jmp T_0.11;
T_0.9 ;
    %pushi/vec4 4, 0, 7;
    %store/vec4 v0x562c1a4d66d0_0, 0, 7;
    %jmp T_0.11;
T_0.11 ;
    %pop/vec4 1;
    %jmp T_0;
    .thread T_0, $push;
    .scope S_0x562c1a4c56d0;
T_1 ;
    %vpi_call 2 16 "$dumpfile", "display_7seg_tb.vcd" {0 0 0};
    %vpi_call 2 17 "$dumpvars", 32'sb00000000000000000000000000000000, S_0x562c1a4c56d0 {0 0 0};
    %pushi/vec4 0, 0, 32;
    %store/vec4 v0x562c1a4d6810_0, 0, 32;
T_1.0 ;
    %load/vec4 v0x562c1a4d6810_0;
    %cmpi/s 10, 0, 32;
    %jmp/0xz T_1.1, 5;
    %load/vec4 v0x562c1a4d6810_0;
    %pad/s 4;
    %store/vec4 v0x562c1a4d68f0_0, 0, 4;
    %delay 10, 0;
    %load/vec4 v0x562c1a4d6810_0;
    %addi 1, 0, 32;
    %store/vec4 v0x562c1a4d6810_0, 0, 32;
    %jmp T_1.0;
T_1.1 ;
    %vpi_call 2 24 "$finish" {0 0 0};
    %end;
    .thread T_1;
# The file index is used to find the file name in the following table.
:file_names 4;
    "N/A";
    "<interactive>";
    "display_7seg_tb.v";
    "./display_7seg.v";
