#! /usr/bin/vvp
:ivl_version "10.3 (stable)";
:ivl_delay_selection "TYPICAL";
:vpi_time_precision - 12;
:vpi_module "system";
:vpi_module "vhdl_sys";
:vpi_module "v2005_math";
:vpi_module "va_math";
S_0x55ab4611ba90 .scope module, "bin_to_grey_tb" "bin_to_grey_tb" 2 4;
 .timescale -9 -12;
v0x55ab4612ebf0_0 .var "b0", 0 0;
v0x55ab4612ecb0_0 .var "b1", 0 0;
v0x55ab4612ed50_0 .var "b2", 0 0;
v0x55ab4612ee20_0 .var "b3", 0 0;
v0x55ab4612eef0_0 .net "g0", 0 0, L_0x55ab4612f580;  1 drivers
v0x55ab4612ef90_0 .net "g1", 0 0, L_0x55ab4612f470;  1 drivers
v0x55ab4612f060_0 .net "g2", 0 0, L_0x55ab4612f360;  1 drivers
v0x55ab4612f130_0 .net "g3", 0 0, L_0x55ab4612f2a0;  1 drivers
v0x55ab4612f200_0 .var/i "i", 31 0;
S_0x55ab4611bc10 .scope module, "uup" "bin_to_grey" 2 10, 3 8 0, S_0x55ab4611ba90;
 .timescale -9 -12;
    .port_info 0 /INPUT 1 "b0"
    .port_info 1 /INPUT 1 "b1"
    .port_info 2 /INPUT 1 "b2"
    .port_info 3 /INPUT 1 "b3"
    .port_info 4 /OUTPUT 1 "g0"
    .port_info 5 /OUTPUT 1 "g1"
    .port_info 6 /OUTPUT 1 "g2"
    .port_info 7 /OUTPUT 1 "g3"
L_0x55ab4612f2a0 .functor BUFZ 1, v0x55ab4612ee20_0, C4<0>, C4<0>, C4<0>;
L_0x55ab4612f360 .functor XOR 1, v0x55ab4612ee20_0, v0x55ab4612ed50_0, C4<0>, C4<0>;
L_0x55ab4612f470 .functor XOR 1, v0x55ab4612ed50_0, v0x55ab4612ecb0_0, C4<0>, C4<0>;
L_0x55ab4612f580 .functor XOR 1, v0x55ab4612ecb0_0, v0x55ab4612ebf0_0, C4<0>, C4<0>;
v0x55ab460e5160_0 .net "b0", 0 0, v0x55ab4612ebf0_0;  1 drivers
v0x55ab4612e530_0 .net "b1", 0 0, v0x55ab4612ecb0_0;  1 drivers
v0x55ab4612e5f0_0 .net "b2", 0 0, v0x55ab4612ed50_0;  1 drivers
v0x55ab4612e690_0 .net "b3", 0 0, v0x55ab4612ee20_0;  1 drivers
v0x55ab4612e750_0 .net "g0", 0 0, L_0x55ab4612f580;  alias, 1 drivers
v0x55ab4612e860_0 .net "g1", 0 0, L_0x55ab4612f470;  alias, 1 drivers
v0x55ab4612e920_0 .net "g2", 0 0, L_0x55ab4612f360;  alias, 1 drivers
v0x55ab4612e9e0_0 .net "g3", 0 0, L_0x55ab4612f2a0;  alias, 1 drivers
    .scope S_0x55ab4611ba90;
T_0 ;
    %vpi_call 2 16 "$dumpfile", "bin_to_grey_tb.vcd" {0 0 0};
    %vpi_call 2 17 "$dumpvars", 32'sb00000000000000000000000000000000, S_0x55ab4611ba90 {0 0 0};
    %pushi/vec4 0, 0, 32;
    %store/vec4 v0x55ab4612f200_0, 0, 32;
T_0.0 ;
    %load/vec4 v0x55ab4612f200_0;
    %cmpi/s 16, 0, 32;
    %jmp/0xz T_0.1, 5;
    %load/vec4 v0x55ab4612f200_0;
    %pad/s 4;
    %split/vec4 1;
    %store/vec4 v0x55ab4612ebf0_0, 0, 1;
    %split/vec4 1;
    %store/vec4 v0x55ab4612ecb0_0, 0, 1;
    %split/vec4 1;
    %store/vec4 v0x55ab4612ed50_0, 0, 1;
    %store/vec4 v0x55ab4612ee20_0, 0, 1;
    %delay 10000, 0;
    %load/vec4 v0x55ab4612f200_0;
    %addi 1, 0, 32;
    %store/vec4 v0x55ab4612f200_0, 0, 32;
    %jmp T_0.0;
T_0.1 ;
    %vpi_call 2 23 "$finish" {0 0 0};
    %end;
    .thread T_0;
# The file index is used to find the file name in the following table.
:file_names 4;
    "N/A";
    "<interactive>";
    "bin_to_grey_tb.v";
    "./bin_to_grey.v";
